<?xml version="1.0" encoding="UTF-8"?>
<!-- Generated by org.testng.reporters.JUnitReportReporter -->
<testsuite skipped="0" hostname="Vivek-mac-mini-2.local" name="Test_Cases.Test_DragDrop" tests="3" failures="0" timestamp="2021-03-22T17:18:33 IST" time="3.975" errors="0">
  <testcase name="getLink" time="0.725" classname="Test_Cases.Test_DragDrop"/>
  <testcase name="dragdrop" time="3.159" classname="Test_Cases.Test_DragDrop"/>
  <testcase name="gettext" time="0.091" classname="Test_Cases.Test_DragDrop"/>
</testsuite> <!-- Test_Cases.Test_DragDrop -->
