<?xml version="1.0" encoding="UTF-8"?>
<!-- Generated by org.testng.reporters.JUnitReportReporter -->
<testsuite skipped="0" hostname="Vivek-mac-mini-2.local" name="Test_Cases.A_B_Test" tests="1" failures="0" timestamp="2021-04-05T18:44:54 IST" time="10.751" errors="0">
  <testcase name="verifyA_B" time="10.751" classname="Test_Cases.A_B_Test"/>
</testsuite> <!-- Test_Cases.A_B_Test -->
