<?xml version="1.0" encoding="UTF-8"?>
<!-- Generated by org.testng.reporters.JUnitReportReporter -->
<testsuite skipped="0" hostname="Vivek-mac-mini-2.local" name="Test_Cases.Test_Frames" tests="3" failures="0" timestamp="2021-03-18T17:33:46 IST" time="3.609" errors="0">
  <testcase name="afterFrame" time="0.094" classname="Test_Cases.Test_Frames"/>
  <testcase name="goInToFrame" time="2.306" classname="Test_Cases.Test_Frames"/>
  <testcase name="clickonFrame" time="1.209" classname="Test_Cases.Test_Frames"/>
</testsuite> <!-- Test_Cases.Test_Frames -->
