<?xml version="1.0" encoding="UTF-8"?>
<!-- Generated by org.testng.reporters.JUnitReportReporter -->
<testsuite skipped="0" hostname="Vivek-mac-mini-2.local" name="Test_Cases.Test_Switching" tests="2" failures="0" timestamp="2021-03-18T13:23:27 IST" time="3.317" errors="0">
  <testcase name="clickonlink" time="2.781" classname="Test_Cases.Test_Switching"/>
  <testcase name="getwindowhandle" time="0.536" classname="Test_Cases.Test_Switching"/>
</testsuite> <!-- Test_Cases.Test_Switching -->
