<?xml version="1.0" encoding="UTF-8"?>
<!-- Generated by org.testng.reporters.JUnitReportReporter -->
<testsuite skipped="0" hostname="Vivek-mac-mini-2.local" name="Test_Cases.BaseClass" tests="1" failures="0" timestamp="2021-03-15T15:15:54 IST" time="0.017" errors="0">
  <testcase name="Test" time="0.017" classname="Test_Cases.BaseClass"/>
</testsuite> <!-- Test_Cases.BaseClass -->
